{
  "stats": {
    "suites": 1,
    "tests": 3,
    "passes": 3,
    "pending": 0,
    "failures": 0,
    "start": "2020-10-30T09:23:37.341Z",
    "end": "2020-10-30T09:23:46.324Z",
    "duration": 8983,
    "testsRegistered": 3,
    "passPercent": 100,
    "pendingPercent": 0,
    "other": 0,
    "hasOther": false,
    "skipped": 0,
    "hasSkipped": false
  },
  "results": [
    {
      "uuid": "ebb9f021-bde7-49ad-bf6c-9e6077c490a3",
      "title": "",
      "fullFile": "cypress\\tests\\sample_ui\\login.js",
      "file": "cypress\\tests\\sample_ui\\login.js",
      "beforeHooks": [],
      "afterHooks": [],
      "tests": [],
      "suites": [
        {
          "uuid": "074aa531-e753-43f5-b8c1-d433a30bf2d7",
          "title": "This Feature tests the login functionality",
          "fullFile": "",
          "file": "",
          "beforeHooks": [],
          "afterHooks": [],
          "tests": [
            {
              "title": "Login with a valid user and invalid password",
              "fullTitle": "This Feature tests the login functionality Login with a valid user and invalid password",
              "timedOut": null,
              "duration": 5156,
              "state": "passed",
              "speed": "slow",
              "pass": true,
              "fail": false,
              "pending": false,
              "context": null,
              "code": "cy.login('Katharina_Bernier', 'secret');\ncy.get('.MuiAlert-message').should('contain', 'Username or password is invalid');",
              "err": {},
              "uuid": "fdd0ce0b-de4c-4d96-a0ae-50881ca38cb2",
              "parentUUID": "074aa531-e753-43f5-b8c1-d433a30bf2d7",
              "isHook": false,
              "skipped": false
            },
            {
              "title": "Login with Invalid user and valid password",
              "fullTitle": "This Feature tests the login functionality Login with Invalid user and valid password",
              "timedOut": null,
              "duration": 1689,
              "state": "passed",
              "speed": "slow",
              "pass": true,
              "fail": false,
              "pending": false,
              "context": null,
              "code": "cy.login('Katharima_Bernier', 's3cret');\ncy.get('.MuiAlert-message').should('contain', 'Username or password is invalid');",
              "err": {},
              "uuid": "23dcd8c1-8221-4e1a-92f7-8358bbccb7a4",
              "parentUUID": "074aa531-e753-43f5-b8c1-d433a30bf2d7",
              "isHook": false,
              "skipped": false
            },
            {
              "title": "Login with Valid username and Password",
              "fullTitle": "This Feature tests the login functionality Login with Valid username and Password",
              "timedOut": null,
              "duration": 1932,
              "state": "passed",
              "speed": "slow",
              "pass": true,
              "fail": false,
              "pending": false,
              "context": null,
              "code": "cy.login('Katharina_Bernier', 's3cret');\ncy.get('[data-test=\"sidenav-signout\"]').should('contain', 'Logout');",
              "err": {},
              "uuid": "82edbf2c-e430-413f-beb0-f0b5c38dc7d8",
              "parentUUID": "074aa531-e753-43f5-b8c1-d433a30bf2d7",
              "isHook": false,
              "skipped": false
            }
          ],
          "suites": [],
          "passes": [
            "fdd0ce0b-de4c-4d96-a0ae-50881ca38cb2",
            "23dcd8c1-8221-4e1a-92f7-8358bbccb7a4",
            "82edbf2c-e430-413f-beb0-f0b5c38dc7d8"
          ],
          "failures": [],
          "pending": [],
          "skipped": [],
          "duration": 8777,
          "root": false,
          "rootEmpty": false,
          "_timeout": 2000
        }
      ],
      "passes": [],
      "failures": [],
      "pending": [],
      "skipped": [],
      "duration": 0,
      "root": true,
      "rootEmpty": true,
      "_timeout": 2000
    }
  ],
  "meta": {
    "mocha": {
      "version": "7.0.1"
    },
    "mochawesome": {
      "options": {
        "quiet": false,
        "reportFilename": "mochawesome",
        "saveHtml": true,
        "saveJson": true,
        "consoleReporter": "spec",
        "useInlineDiffs": false,
        "code": true
      },
      "version": "6.1.1"
    },
    "marge": {
      "options": {
        "id": "default"
      },
      "version": "5.1.0"
    }
  }
}